#
# There is insufficient memory for the Java Runtime Environment to continue.
# Native memory allocation (mmap) failed to map 100663296 bytes for G1 virtual space
# Possible reasons:
#   The system is out of physical RAM or swap space
#   The process is running with CompressedOops enabled, and the Java Heap may be blocking the growth of the native heap
# Possible solutions:
#   Reduce memory load on the system
#   Increase physical memory or swap space
#   Check if swap backing store is full
#   Decrease Java heap size (-Xmx/-Xms)
#   Decrease number of Java threads
#   Decrease Java thread stack sizes (-Xss)
#   Set larger code cache with -XX:ReservedCodeCacheSize=
#   JVM is running with Unscaled Compressed Oops mode in which the Java heap is
#     placed in the first 4GB address space. The Java Heap base address is the
#     maximum limit for the native heap growth. Please use -XX:HeapBaseMinAddress
#     to set the Java Heap base and to place the Java Heap above 4GB virtual address.
# This output file may be truncated or incomplete.
#
#  Out of Memory Error (os_windows.cpp:3530), pid=58860, tid=58912
#
# JRE version:  (18.0.2.1+1) (build )
# Java VM: Java HotSpot(TM) 64-Bit Server VM (18.0.2.1+1-1, mixed mode, sharing, tiered, compressed oops, compressed class ptrs, g1 gc, windows-amd64)
# No core dump will be written. Minidumps are not enabled by default on client versions of Windows
#

---------------  S U M M A R Y ------------

Command Line: org.jetbrains.kotlin.cli.jvm.K2JVMCompiler @E:\Coding\React Native\MobilePemdesApp\node_modules\react-native-gesture-handler\android\build\20230929_17663538710520040727.compiler.options

Host: AMD Ryzen 5 3500U with Radeon Vega Mobile Gfx  , 8 cores, 5G,  Windows 11 , 64 bit Build 22621 (10.0.22621.2215)
Time: Fri Sep 29 19:14:33 2023 SE Asia Standard Time elapsed time: 0.046810 seconds (0d 0h 0m 0s)

---------------  T H R E A D  ---------------

Current thread (0x000001defc8bab10):  JavaThread "Unknown thread" [_thread_in_vm, id=58912, stack(0x000000ca30700000,0x000000ca30800000)]

Stack: [0x000000ca30700000,0x000000ca30800000]
Native frames: (J=compiled Java code, j=interpreted, Vv=VM code, C=native code)
V  [jvm.dll+0x6993aa]
V  [jvm.dll+0x7f46dd]
V  [jvm.dll+0x7f5fee]
V  [jvm.dll+0x7f66a3]
V  [jvm.dll+0x25cf1f]
V  [jvm.dll+0x6962f9]
V  [jvm.dll+0x68ae2a]
V  [jvm.dll+0x32255b]
V  [jvm.dll+0x329f36]
V  [jvm.dll+0x37eade]
V  [jvm.dll+0x37ed0f]
V  [jvm.dll+0x2fa2da]
V  [jvm.dll+0x2fb33d]
V  [jvm.dll+0x7c3310]
V  [jvm.dll+0x38be61]
V  [jvm.dll+0x7a2023]
V  [jvm.dll+0x40dc3f]
V  [jvm.dll+0x40f611]
C  [jli.dll+0x526b]
C  [ucrtbase.dll+0x29363]
C  [KERNEL32.DLL+0x1257d]
C  [ntdll.dll+0x5aa68]


---------------  P R O C E S S  ---------------

Threads class SMR info:
_java_thread_list=0x00007ff88706e550, length=0, elements={
}

Java Threads: ( => current thread )

Other Threads:
  0x000001defc90b960 WorkerThread "GC Thread#0" [stack: 0x000000ca30800000,0x000000ca30900000] [id=58916]
  0x000001defc918710 ConcurrentGCThread "G1 Main Marker" [stack: 0x000000ca30900000,0x000000ca30a00000] [id=58920]
  0x000001defc919100 WorkerThread "G1 Conc#0" [stack: 0x000000ca30a00000,0x000000ca30b00000] [id=58924]

[error occurred during error reporting (printing all threads), id 0xc0000005, EXCEPTION_ACCESS_VIOLATION (0xc0000005) at pc=0x00007ff88689a877]

VM state: not at safepoint (not fully initialized)

VM Mutex/Monitor currently owned by a thread:  ([mutex/lock_event])
[0x000001defc8b8510] Heap_lock - owner thread: 0x000001defc8bab10

Heap address: 0x00000000a0c00000, size: 1524 MB, Compressed Oops mode: 32-bit

CDS archive(s) mapped at: [0x0000000000000000-0x0000000000000000-0x0000000000000000), size 0, SharedBaseAddress: 0x0000000800000000, ArchiveRelocationMode: 0.
Narrow klass base: 0x0000000000000000, Narrow klass shift: 0, Narrow klass range: 0x0

GC Precious Log:
 CardTable entry size: 512
 Card Set container configuration: InlinePtr #cards 5 size 8 Array Of Cards #cards 12 size 40 Howl #buckets 4 coarsen threshold 1843 Howl Bitmap #cards 512 size 80 coarsen threshold 460 Card regions per heap region 1 cards per card region 2048

Heap:
 garbage-first heap   total 0K, used 0K [0x00000000a0c00000, 0x0000000100000000)
  region size 1024K, 0 young (0K), 0 survivors (0K)

[error occurred during error reporting (printing heap information), id 0xc0000005, EXCEPTION_ACCESS_VIOLATION (0xc0000005) at pc=0x00007ff886c81839]

GC Heap History (0 events):
No events

Deoptimization events (0 events):
No events

Classes loaded (0 events):
No events

Classes unloaded (0 events):
No events

Classes redefined (0 events):
No events

Internal exceptions (0 events):
No events

VM Operations (0 events):
No events

Events (1 events):
Event: 0.041 Loaded shared library C:\Program Files\Java\jdk-18.0.2.1\bin\java.dll


Dynamic libraries:
0x00007ff642370000 - 0x00007ff642380000 	C:\Program Files\Java\jdk-18.0.2.1\bin\java.exe
0x00007ff8f00d0000 - 0x00007ff8f02e4000 	C:\WINDOWS\SYSTEM32\ntdll.dll
0x00007ff8eee60000 - 0x00007ff8eef24000 	C:\WINDOWS\System32\KERNEL32.DLL
0x00007ff8ed7d0000 - 0x00007ff8edb74000 	C:\WINDOWS\System32\KERNELBASE.dll
0x00007ff8ed4f0000 - 0x00007ff8ed601000 	C:\WINDOWS\System32\ucrtbase.dll
0x00007ff8db3d0000 - 0x00007ff8db3e8000 	C:\Program Files\Java\jdk-18.0.2.1\bin\jli.dll
0x00007ff8effe0000 - 0x00007ff8f0090000 	C:\WINDOWS\System32\ADVAPI32.dll
0x00007ff8db180000 - 0x00007ff8db19a000 	C:\Program Files\Java\jdk-18.0.2.1\bin\VCRUNTIME140.dll
0x00007ff8edfa0000 - 0x00007ff8ee047000 	C:\WINDOWS\System32\msvcrt.dll
0x00007ff8efcb0000 - 0x00007ff8efd56000 	C:\WINDOWS\System32\sechost.dll
0x00007ff8ede80000 - 0x00007ff8edf97000 	C:\WINDOWS\System32\RPCRT4.dll
0x00007ff8ee050000 - 0x00007ff8ee1fe000 	C:\WINDOWS\System32\USER32.dll
0x00007ff8eddb0000 - 0x00007ff8eddd6000 	C:\WINDOWS\System32\win32u.dll
0x00007ff8ef940000 - 0x00007ff8ef969000 	C:\WINDOWS\System32\GDI32.dll
0x00007ff8ed6b0000 - 0x00007ff8ed7c8000 	C:\WINDOWS\System32\gdi32full.dll
0x00007ff8d8790000 - 0x00007ff8d8a23000 	C:\WINDOWS\WinSxS\amd64_microsoft.windows.common-controls_6595b64144ccf1df_6.0.22621.2215_none_270d72677387dfc3\COMCTL32.dll
0x00007ff8ed610000 - 0x00007ff8ed6aa000 	C:\WINDOWS\System32\msvcp_win.dll
0x00007ff8e5a80000 - 0x00007ff8e5a8a000 	C:\WINDOWS\SYSTEM32\VERSION.dll
0x00007ff8efc70000 - 0x00007ff8efca1000 	C:\WINDOWS\System32\IMM32.DLL
0x00007ff8dfcd0000 - 0x00007ff8dfcdc000 	C:\Program Files\Java\jdk-18.0.2.1\bin\vcruntime140_1.dll
0x00007ff8bd0d0000 - 0x00007ff8bd15d000 	C:\Program Files\Java\jdk-18.0.2.1\bin\msvcp140.dll
0x00007ff886590000 - 0x00007ff8871a1000 	C:\Program Files\Java\jdk-18.0.2.1\bin\server\jvm.dll
0x00007ff8effd0000 - 0x00007ff8effd8000 	C:\WINDOWS\System32\PSAPI.DLL
0x00007ff8e72f0000 - 0x00007ff8e7324000 	C:\WINDOWS\SYSTEM32\WINMM.dll
0x00007ff8df9f0000 - 0x00007ff8df9f9000 	C:\WINDOWS\SYSTEM32\WSOCK32.dll
0x00007ff8ee250000 - 0x00007ff8ee2c1000 	C:\WINDOWS\System32\WS2_32.dll
0x00007ff8ec480000 - 0x00007ff8ec498000 	C:\WINDOWS\SYSTEM32\kernel.appcore.dll
0x00007ff8dc190000 - 0x00007ff8dc19a000 	C:\Program Files\Java\jdk-18.0.2.1\bin\jimage.dll
0x00007ff8eacf0000 - 0x00007ff8eaf1e000 	C:\WINDOWS\SYSTEM32\DBGHELP.DLL
0x00007ff8ef5b0000 - 0x00007ff8ef93a000 	C:\WINDOWS\System32\combase.dll
0x00007ff8efb90000 - 0x00007ff8efc67000 	C:\WINDOWS\System32\OLEAUT32.dll
0x00007ff8d3f00000 - 0x00007ff8d3f32000 	C:\WINDOWS\SYSTEM32\dbgcore.DLL
0x00007ff8edde0000 - 0x00007ff8ede5a000 	C:\WINDOWS\System32\bcryptPrimitives.dll
0x00007ff8bd0a0000 - 0x00007ff8bd0c5000 	C:\Program Files\Java\jdk-18.0.2.1\bin\java.dll

dbghelp: loaded successfully - version: 4.0.5 - missing functions: none
symbol engine: initialized successfully - sym options: 0x614 - pdb path: .;C:\Program Files\Java\jdk-18.0.2.1\bin;C:\WINDOWS\SYSTEM32;C:\WINDOWS\WinSxS\amd64_microsoft.windows.common-controls_6595b64144ccf1df_6.0.22621.2215_none_270d72677387dfc3;C:\Program Files\Java\jdk-18.0.2.1\bin\server

VM Arguments:
java_command: org.jetbrains.kotlin.cli.jvm.K2JVMCompiler @E:\Coding\React Native\MobilePemdesApp\node_modules\react-native-gesture-handler\android\build\20230929_17663538710520040727.compiler.options
java_class_path (initial): C:\Users\Gita Megantara\.gradle\caches\modules-2\files-2.1\org.jetbrains.kotlin\kotlin-compiler-embeddable\1.6.21\97bdd5a752ce73b58ef16c17bc7f0ea2faff7a2e\kotlin-compiler-embeddable-1.6.21.jar;C:\Users\Gita Megantara\.gradle\caches\modules-2\files-2.1\org.jetbrains.kotlin\kotlin-reflect\1.6.21\5dc3574d9b7bebfcb4ec6b10ada4aaa9e140bd0b\kotlin-reflect-1.6.21.jar;C:\Users\Gita Megantara\.gradle\caches\modules-2\files-2.1\org.jetbrains.kotlin\kotlin-stdlib\1.6.21\11ef67f1900634fd951bad28c53ec957fabbe5b8\kotlin-stdlib-1.6.21.jar;C:\Users\Gita Megantara\.gradle\caches\modules-2\files-2.1\org.jetbrains.kotlin\kotlin-script-runtime\1.6.21\99c6675100da5d6d5b1c5a1032f27f28008d101b\kotlin-script-runtime-1.6.21.jar;C:\Users\Gita Megantara\.gradle\caches\modules-2\files-2.1\org.jetbrains.kotlin\kotlin-daemon-embeddable\1.6.21\46b78cf392e1c4f10854c3cadba44abb7b82250f\kotlin-daemon-embeddable-1.6.21.jar;C:\Users\Gita Megantara\.gradle\caches\modules-2\files-2.1\org.jetbrains.intellij.deps\trove4j\1.0.20200330\3afb14d5f9ceb459d724e907a21145e8ff394f02\trove4j-1.0.20200330.jar;C:\Users\Gita Megantara\.gradle\caches\modules-2\files-2.1\net.java.dev.jna\jna\5.6.0\330f2244e9030119ab3030fc3fededc86713d9cc\jna-5.6.0.jar;C:\Users\Gita Megantara\.gradle\caches\modules-2\files-2.1\org.jetbrains.kotlin\kotlin-stdlib-common\1.6.21\5e5b55c26dbc80372a920aef60eb774b714559b8\kotlin-stdlib-common-1.6.21.jar;C:\Users\Gita Megantara\.gradle\caches\modules-2\files-2.1\org.jetbrains\annotations\13.0\919f0dfe192fb4e063e7dacadee7f8bb9a2672a9\annotations-13.0.jar
Launcher Type: SUN_STANDARD

[Global flags]
     intx CICompilerCount                          = 4                                         {product} {ergonomic}
     uint ConcGCThreads                            = 2                                         {product} {ergonomic}
     uint G1ConcRefinementThreads                  = 8                                         {product} {ergonomic}
   size_t G1HeapRegionSize                         = 1048576                                   {product} {ergonomic}
    uintx GCDrainStackTargetSize                   = 64                                        {product} {ergonomic}
   size_t InitialHeapSize                          = 100663296                                 {product} {ergonomic}
   size_t MarkStackSize                            = 4194304                                   {product} {ergonomic}
   size_t MaxHeapSize                              = 1598029824                                {product} {ergonomic}
   size_t MinHeapDeltaBytes                        = 1048576                                   {product} {ergonomic}
   size_t MinHeapSize                              = 8388608                                   {product} {ergonomic}
    uintx NonNMethodCodeHeapSize                   = 5839372                                {pd product} {ergonomic}
    uintx NonProfiledCodeHeapSize                  = 122909434                              {pd product} {ergonomic}
    uintx ProfiledCodeHeapSize                     = 122909434                              {pd product} {ergonomic}
    uintx ReservedCodeCacheSize                    = 251658240                              {pd product} {ergonomic}
     bool SegmentedCodeCache                       = true                                      {product} {ergonomic}
   size_t SoftMaxHeapSize                          = 1598029824                             {manageable} {ergonomic}
     bool UseCompressedClassPointers               = true                           {product lp64_product} {ergonomic}
     bool UseCompressedOops                        = true                           {product lp64_product} {ergonomic}
     bool UseG1GC                                  = true                                      {product} {ergonomic}
     bool UseLargePagesIndividualAllocation        = false                                  {pd product} {ergonomic}

Logging:
Log output configuration:
 #0: stdout all=warning uptime,level,tags foldmultilines=false
 #1: stderr all=off uptime,level,tags foldmultilines=false

Environment Variables:
CLASSPATH=E:\Coding\React Native\MobilePemdesApp\android\\gradle\wrapper\gradle-wrapper.jar
PATH=C:\Users\Gita Megantara\AppData\Roaming\npm;E:\Coding\React Native\MobilePemdesApp\node_modules\.bin;E:\Coding\React Native\node_modules\.bin;E:\Coding\node_modules\.bin;E:\node_modules\.bin;C:\Users\Gita Megantara\AppData\Roaming\nvm\v18.12.1\node_modules\npm\node_modules\@npmcli\run-script\lib\node-gyp-bin;C:\Users\GITAME~1\AppData\Local\Temp\yarn--1695989357480-0.31902086819650566;E:\Coding\React Native\MobilePemdesApp\node_modules\.bin;C:\Users\Gita Megantara\AppData\Local\Yarn\Data\link\node_modules\.bin;C:\Users\Gita Megantara\AppData\Local\Yarn\bin;C:\Program Files\libexec\lib\node_modules\npm\bin\node-gyp-bin;C:\Program Files\lib\node_modules\npm\bin\node-gyp-bin;C:\Program Files\nodejs\node_modules\npm\bin\node-gyp-bin;C:\Python311\Scripts\;C:\Python311\;C:\Program Files\Common Files\Oracle\Java\javapath;C:\WINDOWS\system32;C:\WINDOWS;C:\WINDOWS\System32\Wbem;C:\WINDOWS\System32\WindowsPowerShell\v1.0\;C:\WINDOWS\System32\OpenSSH\;C:\xampp\php;C:\ProgramData\ComposerSetup\bin;C:\Program Files\PuTTY\;C:\ProgramData\chocolatey\bin;C:\Program Files\Git\cmd;C:\Users\Gita Megantara\AppData\Roaming\nvm;C:\Program Files\nodejs;C:\laragon\bin\php\php-8.1.10-Win32-vs16-x64;C:\Users\Gita Megantara\AppData\Local\Android\Sdk\platform-tools;C:\Users\Gita Megantara\.console-ninja\.bin;C:\Users\Gita Megantara\AppData\Local\Programs\Python\Python39\Scripts\;C:\Users\Gita Megantara\AppData\Local\Programs\Python\Python39\;C:\Users\Gita Megantara\AppData\Local\Microsoft\WindowsApps;C:\Users\Gita Megantara\AppData\Local\Programs\Microsoft VS Code\bin;C:\Users\Gita Megantara\AppData\Roaming\Composer\vendor\bin;C:\Users\Gita Megantara\AppData\Roaming\npm;C:\Users\Gita Megantara\AppData\Roaming\nvm;C:\Program Files\nodejs;E:\Coding\Flutter\flutter\bin;C:\Users\Gita Megantara\AppData\Local\Android\Sdk\platform-tools;
USERNAME=Gita Megantara
LANG=en_US.UTF-8
OS=Windows_NT
PROCESSOR_IDENTIFIER=AMD64 Family 23 Model 24 Stepping 1, AuthenticAMD



---------------  S Y S T E M  ---------------

OS:
 Windows 11 , 64 bit Build 22621 (10.0.22621.2215)
OS uptime: 11 days 5:09 hours

CPU: total 8 (initial active 8) (8 cores per cpu, 2 threads per core) family 23 model 24 stepping 1 microcode 0x0, cx8, cmov, fxsr, ht, mmx, 3dnowpref, sse, sse2, sse3, ssse3, sse4a, sse4.1, sse4.2, popcnt, lzcnt, tsc, tscinvbit, avx, avx2, aes, clmul, bmi1, bmi2, adx, sha, fma, vzeroupper, clflush, clflushopt

Memory: 4k page, system-wide physical 6091M (166M free)
TotalPageFile size 24523M (AvailPageFile size 60M)
current process WorkingSet (physical memory assigned to process): 11M, peak: 11M
current process commit charge ("private bytes"): 60M, peak: 156M

vm_info: Java HotSpot(TM) 64-Bit Server VM (18.0.2.1+1-1) for windows-amd64 JRE (18.0.2.1+1-1), built on Aug 16 2022 01:46:33 by "mach5one" with MS VC++ 16.8 / 16.9 (VS2019)

END.
